<?xml version="1.0" encoding="UTF-8"?>
<!-- Generated by org.testng.reporters.JUnitReportReporter -->
<testsuite hostname="DESKTOP-TL7MAJL" failures="0" tests="1" name="testng.testngtest" time="0.037" errors="0" timestamp="2024-04-28T17:40:40 IST" skipped="0">
  <testcase classname="testng.testngtest" name="testcase1" time="0.037"/>
  <system-out/>
</testsuite> <!-- testng.testngtest -->
